TN:
SF:src/App.tsx
FN:8,App
FNF:1
FNH:1
FNDA:1,App
DA:9,1
LF:1
LH:1
BRF:0
BRH:0
end_of_record
TN:
SF:src/api/client.ts
FN:29,getFingerprint
FN:43,getBaseUrl
FN:54,getDefaultOptions
FN:72,request
FN:129,getQuestions
FN:143,getQuestion
FN:155,submitResponse
FNF:7
FNH:7
FNDA:15,getFingerprint
FNDA:15,getBaseUrl
FNDA:15,getDefaultOptions
FNDA:15,request
FNDA:9,getQuestions
FNDA:3,getQuestion
FNDA:3,submitResponse
DA:18,2
DA:31,15
DA:33,15
DA:35,14
DA:36,14
DA:39,15
DA:44,15
DA:45,15
DA:47,1
DA:50,14
DA:55,15
DA:73,15
DA:74,15
DA:76,15
DA:82,15
DA:84,5
DA:85,5
DA:88,1
DA:96,4
DA:102,3
DA:107,3
DA:111,1
DA:118,10
DA:130,9
DA:131,9
DA:132,6
DA:144,3
DA:156,3
LF:28
LH:28
BRDA:33,0,0,14
BRDA:33,0,1,1
BRDA:45,1,0,1
BRDA:45,1,1,14
BRDA:45,2,0,15
BRDA:45,2,1,15
BRDA:72,3,0,15
BRDA:82,4,0,5
BRDA:82,4,1,10
BRDA:96,5,0,3
BRDA:96,5,1,1
BRDA:97,6,0,4
BRDA:97,6,1,4
BRDA:97,6,2,4
BRDA:97,6,3,3
BRDA:129,7,0,9
BRF:16
BRH:16
end_of_record
TN:
SF:src/components/Button.tsx
FN:28,Button
FNF:1
FNH:1
FNDA:51,Button
DA:14,6
DA:22,6
DA:38,51
DA:40,51
LF:4
LH:4
BRDA:30,0,0,51
BRDA:31,1,0,51
BRDA:32,2,0,51
BRDA:33,3,0,51
BRDA:35,4,0,51
BRDA:38,5,0,51
BRDA:38,5,1,31
BRDA:50,6,0,32
BRDA:50,6,1,19
BRDA:56,7,0,4
BRDA:56,7,1,47
BRF:11
BRH:11
end_of_record
TN:
SF:src/components/Card.tsx
FN:10,Card
FN:34,CardContent
FNF:2
FNH:2
FNDA:58,Card
FNDA:52,CardContent
DA:11,58
DA:13,58
DA:35,52
LF:3
LH:3
BRDA:10,0,0,58
BRDA:10,1,0,58
BRDA:11,2,0,58
BRDA:11,2,1,40
BRDA:19,3,0,20
BRDA:19,3,1,38
BRDA:34,4,0,52
BRF:7
BRH:7
end_of_record
TN:
SF:src/components/EmptyState.tsx
FN:7,EmptyState
FNF:1
FNH:1
FNDA:8,EmptyState
DA:12,8
LF:1
LH:1
BRDA:8,0,0,8
BRDA:9,1,0,8
BRDA:10,2,0,8
BRDA:32,3,0,8
BRDA:32,3,1,7
BRF:5
BRH:5
end_of_record
TN:
SF:src/components/ErrorMessage.tsx
FN:9,ErrorMessage
FNF:1
FNH:1
FNDA:10,ErrorMessage
DA:14,10
LF:1
LH:1
BRDA:10,0,0,10
BRDA:34,1,0,10
BRDA:34,1,1,4
BRF:3
BRH:3
end_of_record
TN:
SF:src/components/Header.tsx
FN:9,Header
FNF:1
FNH:1
FNDA:40,Header
DA:10,40
DA:11,40
DA:13,40
LF:3
LH:3
BRDA:9,0,0,40
BRDA:9,1,0,40
BRDA:17,2,0,40
BRDA:17,2,1,33
BRDA:44,3,0,40
BRDA:44,3,1,18
BRF:6
BRH:6
end_of_record
TN:
SF:src/components/LoadingSpinner.tsx
FN:12,LoadingSpinner
FNF:1
FNH:1
FNDA:2,LoadingSpinner
DA:6,3
DA:13,2
LF:2
LH:2
BRDA:12,0,0,2
BRDA:12,1,0,2
BRF:2
BRH:2
end_of_record
TN:
SF:src/components/QuestionCard.tsx
FN:9,QuestionTypeBadge
FN:24,QuestionCard
FN:27,(anonymous_2)
FNF:3
FNH:3
FNDA:16,QuestionTypeBadge
FNDA:16,QuestionCard
FNDA:1,(anonymous_2)
DA:10,16
DA:12,16
DA:25,16
DA:27,16
DA:28,1
DA:32,16
DA:34,16
DA:38,16
LF:8
LH:8
BRDA:16,0,0,3
BRDA:16,0,1,13
BRDA:19,1,0,3
BRDA:19,1,1,13
BRDA:34,2,0,1
BRDA:34,2,1,15
BRDA:44,3,0,14
BRDA:44,3,1,2
BRDA:50,4,0,16
BRDA:50,4,1,2
BRF:10
BRH:10
end_of_record
TN:
SF:src/context/ThemeContext.tsx
FN:24,getSystemTheme
FN:29,getStoredTheme
FN:38,applyThemeToDOM
FN:45,useSystemTheme
FN:47,(anonymous_4)
FN:50,(anonymous_5)
FN:54,(anonymous_6)
FN:55,(anonymous_7)
FN:64,ThemeProvider
FN:67,(anonymous_9)
FN:69,(anonymous_10)
FN:73,(anonymous_11)
FN:74,(anonymous_12)
FN:84,(anonymous_13)
FN:88,(anonymous_14)
FN:94,(anonymous_15)
FN:100,(anonymous_16)
FN:114,useTheme
FNF:18
FNH:15
FNDA:132,getSystemTheme
FNDA:135,getStoredTheme
FNDA:43,applyThemeToDOM
FNDA:44,useSystemTheme
FNDA:44,(anonymous_4)
FNDA:44,(anonymous_5)
FNDA:132,(anonymous_6)
FNDA:0,(anonymous_7)
FNDA:44,ThemeProvider
FNDA:44,(anonymous_9)
FNDA:44,(anonymous_10)
FNDA:135,(anonymous_11)
FNDA:0,(anonymous_12)
FNDA:43,(anonymous_13)
FNDA:3,(anonymous_14)
FNDA:0,(anonymous_15)
FNDA:44,(anonymous_16)
FNDA:11,useTheme
DA:20,5
DA:22,5
DA:25,132
DA:26,132
DA:30,135
DA:31,135
DA:32,135
DA:33,12
DA:35,123
DA:39,43
DA:40,43
DA:41,43
DA:46,44
DA:48,44
DA:49,44
DA:50,44
DA:51,44
DA:54,132
DA:55,0
DA:66,44
DA:68,44
DA:69,44
DA:70,44
DA:73,135
DA:74,0
DA:77,44
DA:81,44
DA:84,44
DA:85,43
DA:88,44
DA:89,3
DA:91,3
DA:94,44
DA:95,0
DA:96,0
DA:99,44
DA:100,44
DA:110,44
DA:115,11
DA:116,11
DA:117,0
DA:119,11
LF:42
LH:37
BRDA:25,0,0,0
BRDA:25,0,1,132
BRDA:26,1,0,132
BRDA:26,1,1,0
BRDA:30,2,0,0
BRDA:30,2,1,135
BRDA:32,3,0,12
BRDA:32,3,1,123
BRDA:32,4,0,135
BRDA:32,4,1,127
BRDA:32,4,2,123
BRDA:64,5,0,44
BRDA:81,6,0,41
BRDA:81,6,1,3
BRDA:81,7,0,1
BRDA:81,7,1,2
BRDA:95,8,0,0
BRDA:95,8,1,0
BRDA:116,9,0,0
BRDA:116,9,1,11
BRF:20
BRH:14
end_of_record
TN:
SF:src/hooks/useQuestion.ts
FN:19,useQuestion
FN:24,(anonymous_1)
FN:50,(anonymous_2)
FNF:3
FNH:3
FNDA:18,useQuestion
FNDA:10,(anonymous_1)
FNDA:9,(anonymous_2)
DA:20,18
DA:21,18
DA:22,18
DA:24,18
DA:25,10
DA:26,1
DA:27,1
DA:28,1
DA:31,9
DA:32,9
DA:34,9
DA:35,9
DA:36,5
DA:38,3
DA:39,1
DA:40,2
DA:41,1
DA:43,1
DA:46,8
DA:50,18
DA:51,9
DA:54,18
LF:22
LH:22
BRDA:25,0,0,1
BRDA:25,0,1,9
BRDA:38,1,0,1
BRDA:38,1,1,2
BRDA:40,2,0,1
BRDA:40,2,1,1
BRF:6
BRH:6
end_of_record
TN:
SF:src/hooks/useQuestions.ts
FN:39,useQuestions
FN:54,(anonymous_1)
FN:62,(anonymous_2)
FN:67,(anonymous_3)
FN:92,(anonymous_4)
FN:102,(anonymous_5)
FN:139,(anonymous_6)
FN:146,(anonymous_7)
FN:152,(anonymous_8)
FN:156,(anonymous_9)
FN:163,(anonymous_10)
FN:187,(anonymous_11)
FN:188,(anonymous_12)
FN:203,(anonymous_13)
FN:209,(anonymous_14)
FNF:15
FNH:12
FNDA:18,useQuestions
FNDA:26,(anonymous_1)
FNDA:5,(anonymous_2)
FNDA:10,(anonymous_3)
FNDA:1,(anonymous_4)
FNDA:0,(anonymous_5)
FNDA:1,(anonymous_6)
FNDA:16,(anonymous_7)
FNDA:9,(anonymous_8)
FNDA:9,(anonymous_9)
FNDA:0,(anonymous_10)
FNDA:17,(anonymous_11)
FNDA:0,(anonymous_12)
FNDA:17,(anonymous_13)
FNDA:17,(anonymous_14)
DA:7,1
DA:9,1
DA:11,1
DA:40,18
DA:42,18
DA:43,18
DA:44,18
DA:46,18
DA:49,18
DA:50,18
DA:51,18
DA:54,18
DA:55,26
DA:56,0
DA:57,0
DA:62,18
DA:63,5
DA:67,18
DA:68,10
DA:69,10
DA:71,10
DA:72,10
DA:73,6
DA:75,6
DA:76,5
DA:79,3
DA:80,1
DA:81,2
DA:82,1
DA:84,1
DA:87,9
DA:92,18
DA:93,1
DA:96,1
DA:97,1
DA:100,0
DA:102,0
DA:103,0
DA:105,0
DA:106,0
DA:108,0
DA:110,0
DA:112,0
DA:114,0
DA:119,0
DA:122,0
DA:127,0
DA:128,0
DA:132,0
DA:139,18
DA:140,1
DA:141,1
DA:142,1
DA:146,18
DA:147,16
DA:148,16
DA:152,18
DA:153,9
DA:154,9
DA:156,9
DA:157,9
DA:158,9
DA:163,18
DA:164,0
DA:166,0
DA:167,0
DA:169,0
DA:171,0
DA:174,0
DA:175,0
DA:180,0
DA:181,0
DA:187,18
DA:188,17
DA:189,0
DA:191,0
DA:194,0
DA:195,0
DA:197,0
DA:202,17
DA:203,17
DA:204,17
DA:209,18
DA:210,17
DA:211,1
DA:213,16
DA:217,18
LF:87
LH:57
BRDA:39,0,0,18
BRDA:40,1,0,18
BRDA:40,2,0,18
BRDA:55,3,0,0
BRDA:55,3,1,26
BRDA:75,4,0,5
BRDA:75,4,1,1
BRDA:79,5,0,1
BRDA:79,5,1,2
BRDA:81,6,0,1
BRDA:81,6,1,1
BRDA:96,7,0,1
BRDA:96,7,1,0
BRDA:96,8,0,1
BRDA:96,8,1,0
BRDA:96,8,2,0
BRDA:103,9,0,0
BRDA:103,9,1,0
BRDA:103,10,0,0
BRDA:103,10,1,0
BRDA:108,11,0,0
BRDA:108,11,1,0
BRDA:112,12,0,0
BRDA:112,12,1,0
BRDA:127,13,0,0
BRDA:127,13,1,0
BRDA:140,14,0,0
BRDA:140,14,1,1
BRDA:164,15,0,0
BRDA:164,15,1,0
BRDA:169,16,0,0
BRDA:169,16,1,0
BRDA:174,17,0,0
BRDA:174,17,1,0
BRDA:180,18,0,0
BRDA:180,18,1,0
BRDA:189,19,0,0
BRDA:189,19,1,0
BRDA:195,20,0,0
BRDA:195,20,1,0
BRDA:195,21,0,0
BRDA:195,21,1,0
BRDA:195,21,2,0
BRDA:210,22,0,1
BRDA:210,22,1,16
BRDA:210,23,0,17
BRDA:210,23,1,8
BRDA:210,23,2,5
BRDA:210,23,3,1
BRF:49
BRH:19
end_of_record
TN:
SF:src/hooks/useSubmitResponse.ts
FN:19,useSubmitResponse
FN:24,(anonymous_1)
FN:46,(anonymous_2)
FNF:3
FNH:3
FNDA:20,useSubmitResponse
FNDA:9,(anonymous_1)
FNDA:1,(anonymous_2)
DA:20,20
DA:21,20
DA:22,20
DA:24,20
DA:25,9
DA:26,9
DA:28,9
DA:29,9
DA:30,5
DA:31,5
DA:33,4
DA:34,2
DA:35,2
DA:36,1
DA:38,1
DA:40,4
DA:42,9
DA:46,20
DA:47,1
DA:48,1
DA:51,20
LF:21
LH:21
BRDA:33,0,0,2
BRDA:33,0,1,2
BRDA:35,1,0,1
BRDA:35,1,1,1
BRF:4
BRH:4
end_of_record
TN:
SF:src/pages/AnswerQuestion.tsx
FN:13,AnswerQuestion
FN:26,(anonymous_1)
FN:31,(anonymous_2)
FN:46,(anonymous_3)
FN:85,(anonymous_4)
FN:151,(anonymous_5)
FN:184,(anonymous_6)
FN:203,(anonymous_7)
FN:231,(anonymous_8)
FNF:9
FNH:9
FNDA:22,AnswerQuestion
FNDA:1,(anonymous_1)
FNDA:20,(anonymous_2)
FNDA:2,(anonymous_3)
FNDA:1,(anonymous_4)
FNDA:3,(anonymous_5)
FNDA:15,(anonymous_6)
FNDA:2,(anonymous_7)
FNDA:2,(anonymous_8)
DA:10,2
DA:11,2
DA:14,22
DA:15,22
DA:16,22
DA:17,22
DA:20,22
DA:21,22
DA:24,22
DA:26,22
DA:27,1
DA:31,22
DA:32,20
DA:33,20
DA:34,13
DA:35,13
DA:39,22
DA:40,22
DA:43,22
DA:46,22
DA:47,2
DA:49,2
DA:52,2
DA:53,1
DA:55,2
DA:56,1
DA:58,2
DA:60,2
DA:61,2
DA:67,22
DA:68,1
DA:78,21
DA:79,1
DA:86,1
DA:94,20
DA:95,1
DA:108,19
DA:109,1
DA:123,18
DA:127,22
DA:152,3
DA:185,15
DA:204,2
DA:232,2
LF:44
LH:44
BRDA:33,0,0,13
BRDA:33,0,1,7
BRDA:43,1,0,22
BRDA:43,1,1,14
BRDA:43,1,2,19
BRDA:43,1,3,5
BRDA:47,2,0,0
BRDA:47,2,1,2
BRDA:47,3,0,2
BRDA:47,3,1,2
BRDA:52,4,0,1
BRDA:52,4,1,1
BRDA:55,5,0,1
BRDA:55,5,1,1
BRDA:55,6,0,2
BRDA:55,6,1,1
BRDA:60,7,0,2
BRDA:60,7,1,0
BRDA:67,8,0,1
BRDA:67,8,1,21
BRDA:78,9,0,1
BRDA:78,9,1,20
BRDA:94,10,0,1
BRDA:94,10,1,19
BRDA:108,11,0,1
BRDA:108,11,1,18
BRDA:123,12,0,17
BRDA:123,12,1,1
BRDA:124,13,0,16
BRDA:124,13,1,1
BRDA:139,14,0,22
BRDA:139,14,1,13
BRDA:162,15,0,10
BRDA:162,15,1,3
BRDA:167,16,0,10
BRDA:167,16,1,3
BRDA:179,17,0,22
BRDA:179,17,1,5
BRDA:179,17,2,5
BRDA:192,18,0,2
BRDA:192,18,1,13
BRDA:218,19,0,22
BRDA:218,19,1,1
BRF:43
BRH:41
end_of_record
TN:
SF:src/pages/Confirmation.tsx
FN:11,Confirmation
FN:19,(anonymous_1)
FN:20,(anonymous_2)
FN:21,(anonymous_3)
FN:30,(anonymous_4)
FN:35,(anonymous_5)
FNF:6
FNH:6
FNDA:13,Confirmation
FNDA:9,(anonymous_1)
FNDA:11,(anonymous_2)
FNDA:11,(anonymous_3)
FNDA:9,(anonymous_4)
FNDA:1,(anonymous_5)
DA:9,2
DA:12,13
DA:13,13
DA:14,13
DA:15,13
DA:17,13
DA:19,13
DA:20,9
DA:21,11
DA:22,11
DA:23,1
DA:24,1
DA:26,10
DA:30,9
DA:31,9
DA:35,13
DA:36,1
DA:39,13
LF:18
LH:18
BRDA:15,0,0,13
BRDA:15,0,1,12
BRDA:22,1,0,1
BRDA:22,1,1,10
BRDA:85,2,0,12
BRDA:85,2,1,1
BRF:6
BRH:6
end_of_record
TN:
SF:src/pages/Feed.tsx
FN:8,Feed
FN:23,(anonymous_1)
FN:34,(anonymous_2)
FNF:3
FNH:3
FNDA:7,Feed
FNDA:1,(anonymous_1)
FNDA:5,(anonymous_2)
DA:9,7
DA:11,7
DA:24,1
DA:35,5
LF:4
LH:4
BRDA:16,0,0,1
BRDA:16,0,1,6
BRDA:20,1,0,1
BRDA:20,1,1,5
BRDA:27,2,0,2
BRDA:27,2,1,3
BRDA:32,3,0,2
BRDA:32,3,1,1
BRF:8
BRH:8
end_of_record
TN:
SF:src/pages/Settings.tsx
FN:12,Settings
FN:16,(anonymous_1)
FN:34,(anonymous_2)
FN:44,(anonymous_3)
FN:47,(anonymous_4)
FNF:5
FNH:5
FNDA:11,Settings
FNDA:1,(anonymous_1)
FNDA:33,(anonymous_2)
FNDA:1,(anonymous_3)
FNDA:2,(anonymous_4)
DA:6,2
DA:13,11
DA:14,11
DA:16,11
DA:17,1
DA:20,11
DA:35,33
DA:45,1
DA:48,2
DA:49,2
DA:50,2
LF:11
LH:11
BRDA:42,0,0,22
BRDA:42,0,1,11
BRDA:48,1,0,2
BRDA:48,1,1,0
BRDA:48,2,0,2
BRDA:48,2,1,1
BRDA:67,3,0,11
BRDA:67,3,1,22
BRDA:72,4,0,33
BRDA:72,4,1,11
BRF:10
BRH:9
end_of_record
TN:
SF:src/types/api.ts
FN:69,(anonymous_0)
FN:82,(anonymous_1)
FNF:2
FNH:2
FNDA:9,(anonymous_0)
FNDA:5,(anonymous_1)
DA:75,9
DA:76,9
DA:77,9
DA:78,9
DA:79,9
DA:83,0
LF:6
LH:5
BRF:0
BRH:0
end_of_record
